[2026-04-20 10:43:35] info: MongoDB connected {"uri":"mongodb+srv://j7479476_db_user:SlPOW1NGKz6X8IMI@cluster0.0mem1th.mongodb.net/?appName=Cluster0"}
[2026-04-20 10:43:35] info: Vulnerability Scanner API running on port 3000
[2026-04-20 10:43:35] info: POST http://localhost:3000/api/scan
[2026-04-20 10:47:35] info: POST /api/scan {"ip":"::1"}
[2026-04-20 10:47:35] info: Scan request received {"targetUrl":"https://testphp.vulnweb.com","ip":"::1"}
[2026-04-20 10:47:35] info: Scan started {"targetUrl":"https://testphp.vulnweb.com"}
[2026-04-20 10:47:35] info: Phase 1: Crawling target...
[2026-04-20 10:47:35] info: Starting crawl from https://testphp.vulnweb.com {"maxDepth":2,"maxUrls":50}
[2026-04-20 10:47:45] warn: Static fetch failed for https://testphp.vulnweb.com/: Request timed out
[2026-04-20 10:47:57] error: Puppeteer failed for https://testphp.vulnweb.com/ {"error":"Navigation timeout of 10000 ms exceeded"}
[2026-04-20 10:47:58] info: Crawl complete {"urlsVisited":1,"formsFound":0}
[2026-04-20 10:47:58] info: Crawl complete {"urlCount":1,"formCount":0}
[2026-04-20 10:47:58] info: Phase 2: Scanning for vulnerabilities...
[2026-04-20 10:47:58] info: Executing 0 scan tasks (concurrency: 5)
[2026-04-20 10:47:58] info: Scan complete {"totalFindings":0,"riskLevel":"low","durationMs":22785}
[2026-04-20 10:48:16] info: GET /api/scans/69e5b6ef355a736f5c22c2a6 {"ip":"::1"}
[2026-04-20 10:48:28] info: GET /health {"ip":"::1"}
[2026-04-20 10:48:34] info: GET /api/scans {"ip":"::1"}
[2026-04-20 10:48:55] info: POST /api/scan {"ip":"::1"}
[2026-04-20 10:48:55] info: Scan request received {"targetUrl":"https://ciyatech.com","ip":"::1"}
[2026-04-20 10:48:55] info: Scan started {"targetUrl":"https://ciyatech.com"}
[2026-04-20 10:48:55] info: Phase 1: Crawling target...
[2026-04-20 10:48:55] info: Starting crawl from https://ciyatech.com {"maxDepth":2,"maxUrls":50}
[2026-04-20 10:48:55] warn: Static fetch failed for https://ciyatech.com/: certificate has expired
[2026-04-20 10:48:56] error: Puppeteer failed for https://ciyatech.com/ {"error":"net::ERR_CERT_DATE_INVALID at https://ciyatech.com/"}
[2026-04-20 10:48:57] info: Crawl complete {"urlsVisited":1,"formsFound":0}
[2026-04-20 10:48:57] info: Crawl complete {"urlCount":1,"formCount":0}
[2026-04-20 10:48:57] info: Phase 2: Scanning for vulnerabilities...
[2026-04-20 10:48:57] info: Executing 0 scan tasks (concurrency: 5)
[2026-04-20 10:48:57] info: Scan complete {"totalFindings":0,"riskLevel":"low","durationMs":2036}
[2026-04-20 10:49:42] info: POST /api/scan {"ip":"::1"}
[2026-04-20 10:49:42] info: Scan request received {"targetUrl":"https://juice-shop.herokuapp.com","ip":"::1"}
[2026-04-20 10:49:42] info: Scan started {"targetUrl":"https://juice-shop.herokuapp.com"}
[2026-04-20 10:49:42] info: Phase 1: Crawling target...
[2026-04-20 10:49:42] info: Starting crawl from https://juice-shop.herokuapp.com {"maxDepth":2,"maxUrls":50}
[2026-04-20 10:49:52] warn: Static fetch failed for https://juice-shop.herokuapp.com/: Request timed out
[2026-04-20 10:50:03] error: Puppeteer failed for https://juice-shop.herokuapp.com/ {"error":"Navigation timeout of 10000 ms exceeded"}
[2026-04-20 10:50:03] info: Crawl complete {"urlsVisited":1,"formsFound":0}
[2026-04-20 10:50:03] info: Crawl complete {"urlCount":1,"formCount":0}
[2026-04-20 10:50:03] info: Phase 2: Scanning for vulnerabilities...
[2026-04-20 10:50:03] info: Executing 0 scan tasks (concurrency: 5)
[2026-04-20 10:50:03] info: Scan complete {"totalFindings":0,"riskLevel":"low","durationMs":20918}
[2026-04-20 10:50:46] info: POST /api/scan {"ip":"::1"}
[2026-04-20 10:50:46] info: Scan request received {"targetUrl":"https://demo.testfire.net","ip":"::1"}
[2026-04-20 10:50:46] info: Scan started {"targetUrl":"https://demo.testfire.net"}
[2026-04-20 10:50:46] info: Phase 1: Crawling target...
[2026-04-20 10:50:46] info: Starting crawl from https://demo.testfire.net {"maxDepth":2,"maxUrls":50}
[2026-04-20 10:50:50] info: Crawl complete {"urlsVisited":10,"formsFound":12}
[2026-04-20 10:50:50] info: Crawl complete {"urlCount":10,"formCount":12}
[2026-04-20 10:50:50] info: Phase 2: Scanning for vulnerabilities...
[2026-04-20 10:50:51] info: Executing 24 scan tasks (concurrency: 5)
[2026-04-20 10:50:51] warn: XSS FOUND in form at https://demo.testfire.net/search.jsp {"fields":"query","payload":"<script>alert('XSS')</script>"}
[2026-04-20 10:50:52] warn: XSS FOUND in form at https://demo.testfire.net/search.jsp {"fields":"query","payload":"<script>alert('XSS')</script>"}
[2026-04-20 10:50:53] warn: XSS FOUND in form at https://demo.testfire.net/doLogin {"fields":"uid, passw","payload":"<script>alert('XSS')</script>"}
[2026-04-20 10:50:55] warn: XSS FOUND in form at https://demo.testfire.net/search.jsp {"fields":"query","payload":"<script>alert('XSS')</script>"}
[2026-04-20 10:50:55] warn: XSS FOUND in form at https://demo.testfire.net/sendFeedback {"fields":"name, email_addr, comments","payload":"<script>alert('XSS')</script>"}
[2026-04-20 10:50:55] warn: XSS FOUND in form at https://demo.testfire.net/search.jsp {"fields":"query","payload":"<script>alert('XSS')</script>"}
[2026-04-20 10:50:55] warn: XSS FOUND in form at https://demo.testfire.net/search.jsp {"fields":"query","payload":"<script>alert('XSS')</script>"}
[2026-04-20 10:50:55] warn: XSS FOUND in form at https://demo.testfire.net/search.jsp {"fields":"query","payload":"<script>alert('XSS')</script>"}
[2026-04-20 10:50:59] warn: XSS FOUND in form at https://demo.testfire.net/search.jsp {"fields":"query","payload":"<script>alert('XSS')</script>"}
[2026-04-20 10:50:59] warn: XSS FOUND in form at https://demo.testfire.net/search.jsp {"fields":"query","payload":"<script>alert('XSS')</script>"}
[2026-04-20 10:51:02] warn: XSS FOUND in form at https://demo.testfire.net/search.jsp {"fields":"query","payload":"<script>alert('XSS')</script>"}
[2026-04-20 10:51:13] info: Scan complete {"totalFindings":3,"riskLevel":"high","durationMs":27414}
[2026-04-20 10:51:39] info: GET /api/scans {"ip":"::1"}
[2026-04-20 11:02:11] info: MongoDB connected {"uri":"mongodb+srv://j7479476_db_user:SlPOW1NGKz6X8IMI@cluster0.0mem1th.mongodb.net/?appName=Cluster0"}
[2026-04-20 11:02:12] info: Vulnerability Scanner API running on port 3000
[2026-04-20 11:02:12] info: POST http://localhost:3000/api/scan
[2026-04-20 11:03:26] info: POST /api/scan {"ip":"::1"}
[2026-04-20 11:03:26] info: Scan request received {"targetUrl":"https://www.rk-properties.com/","ip":"::1"}
[2026-04-20 11:03:26] info: Scan started {"targetUrl":"https://www.rk-properties.com/"}
[2026-04-20 11:03:26] info: Phase 1: Crawling target...
[2026-04-20 11:03:26] info: Starting crawl from https://www.rk-properties.com/ {"maxDepth":2,"maxUrls":50}
[2026-04-20 11:04:13] info: Crawl complete {"urlsVisited":18,"formsFound":1}
[2026-04-20 11:04:13] info: Crawl complete {"urlCount":18,"formCount":1}
[2026-04-20 11:04:13] info: Phase 2: Scanning for vulnerabilities...
[2026-04-20 11:04:13] info: Executing 2 scan tasks (concurrency: 5)
[2026-04-20 11:04:13] warn: XSS FOUND in form at https://www.rk-properties.com/ {"fields":"name, email, message","payload":"<script>alert('XSS')</script>"}
[2026-04-20 11:04:14] info: Scan complete {"totalFindings":1,"riskLevel":"medium","durationMs":47360}
[2026-04-20 12:07:25] info: OPTIONS /api/scan {"ip":"::1"}
[2026-04-20 12:07:27] info: OPTIONS /api/scan {"ip":"::1"}
[2026-04-20 12:07:27] info: OPTIONS /api/scan {"ip":"::1"}
[2026-04-20 12:07:28] info: OPTIONS /api/scan {"ip":"::1"}
[2026-04-20 12:07:29] info: OPTIONS /api/scan {"ip":"::1"}
[2026-04-20 12:07:29] info: OPTIONS /api/scan {"ip":"::1"}
[2026-04-20 12:07:36] info: OPTIONS /api/scan {"ip":"::1"}
[2026-04-20 12:10:19] info: OPTIONS /api/scan {"ip":"::1"}
[2026-04-20 12:10:45] info: OPTIONS /api/scan {"ip":"::1"}
[2026-04-20 12:11:46] info: MongoDB connected {"uri":"mongodb+srv://j7479476_db_user:SlPOW1NGKz6X8IMI@cluster0.0mem1th.mongodb.net/?appName=Cluster0"}
[2026-04-20 12:11:46] info: Vulnerability Scanner API running on port 3000
[2026-04-20 12:11:46] info: POST http://localhost:3000/api/scan
[2026-04-20 12:12:10] info: POST /api/scan {"ip":"::1"}
[2026-04-20 12:12:10] info: Scan request received {"targetUrl":"https://www.rk-properties.com/","ip":"::1"}
[2026-04-20 12:12:10] info: Scan started {"targetUrl":"https://www.rk-properties.com/"}
[2026-04-20 12:12:10] info: Phase 1: Crawling target...
[2026-04-20 12:12:10] info: Starting crawl from https://www.rk-properties.com/ {"maxDepth":2,"maxUrls":50}
[2026-04-20 12:13:00] info: Crawl complete {"urlsVisited":18,"formsFound":1}
[2026-04-20 12:13:00] info: Crawl complete {"urlCount":18,"formCount":1}
[2026-04-20 12:13:00] info: Phase 2: Scanning for vulnerabilities...
[2026-04-20 12:13:00] info: Executing 2 scan tasks (concurrency: 5)
[2026-04-20 12:13:01] warn: XSS FOUND in form at https://www.rk-properties.com/ {"fields":"name, email, message","payload":"<script>alert('XSS')</script>"}
[2026-04-20 12:13:01] info: Scan complete {"totalFindings":1,"riskLevel":"medium","durationMs":51141}
[2026-04-20 12:15:01] info: POST /api/scan {"ip":"::1"}
[2026-04-20 12:15:01] info: Scan request received {"targetUrl":"https://www.rk-properties.com/","ip":"::1"}
[2026-04-20 12:15:01] info: Scan started {"targetUrl":"https://www.rk-properties.com/"}
[2026-04-20 12:15:01] info: Phase 1: Crawling target...
[2026-04-20 12:15:01] info: Starting crawl from https://www.rk-properties.com/ {"maxDepth":2,"maxUrls":50}
[2026-04-20 12:15:27] info: POST /api/scan {"ip":"::1"}
[2026-04-20 12:15:27] info: Scan request received {"targetUrl":"https://www.rk-properties.com/","ip":"::1"}
[2026-04-20 12:15:27] info: Scan started {"targetUrl":"https://www.rk-properties.com/"}
[2026-04-20 12:15:27] info: Phase 1: Crawling target...
[2026-04-20 12:15:27] info: Starting crawl from https://www.rk-properties.com/ {"maxDepth":2,"maxUrls":50}
[2026-04-20 12:16:04] info: Crawl complete {"urlsVisited":18,"formsFound":1}
[2026-04-20 12:16:04] info: Crawl complete {"urlCount":18,"formCount":1}
[2026-04-20 12:16:04] info: Phase 2: Scanning for vulnerabilities...
[2026-04-20 12:16:04] info: Executing 2 scan tasks (concurrency: 5)
[2026-04-20 12:16:04] warn: XSS FOUND in form at https://www.rk-properties.com/ {"fields":"name, email, message","payload":"<script>alert('XSS')</script>"}
[2026-04-20 12:16:05] info: Scan complete {"totalFindings":1,"riskLevel":"medium","durationMs":63817}
[2026-04-20 12:16:36] info: Crawl complete {"urlsVisited":18,"formsFound":1}
[2026-04-20 12:16:36] info: Crawl complete {"urlCount":18,"formCount":1}
[2026-04-20 12:16:36] info: Phase 2: Scanning for vulnerabilities...
[2026-04-20 12:16:36] info: Executing 2 scan tasks (concurrency: 5)
[2026-04-20 12:16:36] warn: XSS FOUND in form at https://www.rk-properties.com/ {"fields":"name, email, message","payload":"<script>alert('XSS')</script>"}
[2026-04-20 12:16:37] info: Scan complete {"totalFindings":1,"riskLevel":"medium","durationMs":69230}
[2026-04-20 12:18:14] info: POST /api/scan {"ip":"::1"}
[2026-04-20 12:18:14] info: Scan request received {"targetUrl":"https://www.rk-properties.com/","ip":"::1"}
[2026-04-20 12:18:14] info: Scan started {"targetUrl":"https://www.rk-properties.com/"}
[2026-04-20 12:18:14] info: Phase 1: Crawling target...
[2026-04-20 12:18:14] info: Starting crawl from https://www.rk-properties.com/ {"maxDepth":2,"maxUrls":50}
[2026-04-20 12:19:16] info: Crawl complete {"urlsVisited":18,"formsFound":1}
[2026-04-20 12:19:16] info: Crawl complete {"urlCount":18,"formCount":1}
[2026-04-20 12:19:16] info: Phase 2: Scanning for vulnerabilities...
[2026-04-20 12:19:16] info: Executing 2 scan tasks (concurrency: 5)
[2026-04-20 12:19:18] warn: XSS FOUND in form at https://www.rk-properties.com/ {"fields":"name, email, message","payload":"<script>alert('XSS')</script>"}
[2026-04-20 12:19:24] info: Scan complete {"totalFindings":1,"riskLevel":"medium","durationMs":70081}
[2026-04-20 12:23:53] info: POST /api/scan {"ip":"::1"}
[2026-04-20 12:23:53] info: Scan request received {"targetUrl":"https://www.rk-properties.com/","ip":"::1"}
[2026-04-20 12:23:53] info: Scan started {"targetUrl":"https://www.rk-properties.com/"}
[2026-04-20 12:23:53] info: Phase 1: Crawling target...
[2026-04-20 12:23:53] info: Starting crawl from https://www.rk-properties.com/ {"maxDepth":2,"maxUrls":50}
[2026-04-20 12:24:43] info: Crawl complete {"urlsVisited":18,"formsFound":1}
[2026-04-20 12:24:43] info: Crawl complete {"urlCount":18,"formCount":1}
[2026-04-20 12:24:43] info: Phase 2: Scanning for vulnerabilities...
[2026-04-20 12:24:43] info: Executing 2 scan tasks (concurrency: 5)
[2026-04-20 12:24:43] warn: XSS FOUND in form at https://www.rk-properties.com/ {"fields":"name, email, message","payload":"<script>alert('XSS')</script>"}
[2026-04-20 12:24:44] info: Scan complete {"totalFindings":1,"riskLevel":"medium","durationMs":50913}
[2026-04-20 12:26:18] info: POST /api/scan {"ip":"::1"}
[2026-04-20 12:26:18] info: Scan request received {"targetUrl":"https://www.rk-properties.com/","ip":"::1"}
[2026-04-20 12:26:18] info: Scan started {"targetUrl":"https://www.rk-properties.com/"}
[2026-04-20 12:26:18] info: Phase 1: Crawling target...
[2026-04-20 12:26:18] info: Starting crawl from https://www.rk-properties.com/ {"maxDepth":2,"maxUrls":50}
[2026-04-20 12:27:19] info: Crawl complete {"urlsVisited":18,"formsFound":1}
[2026-04-20 12:27:19] info: Crawl complete {"urlCount":18,"formCount":1}
[2026-04-20 12:27:19] info: Phase 2: Scanning for vulnerabilities...
[2026-04-20 12:27:19] info: Executing 2 scan tasks (concurrency: 5)
[2026-04-20 12:27:19] warn: XSS FOUND in form at https://www.rk-properties.com/ {"fields":"name, email, message","payload":"<script>alert('XSS')</script>"}
[2026-04-20 12:27:20] info: Scan complete {"totalFindings":1,"riskLevel":"medium","durationMs":61878}
[2026-04-20 12:28:02] info: POST /api/scan {"ip":"::1"}
[2026-04-20 12:28:02] info: Scan request received {"targetUrl":"https://www.rk-properties.com/","ip":"::1"}
[2026-04-20 12:28:02] info: Scan started {"targetUrl":"https://www.rk-properties.com/"}
[2026-04-20 12:28:02] info: Phase 1: Crawling target...
[2026-04-20 12:28:02] info: Starting crawl from https://www.rk-properties.com/ {"maxDepth":2,"maxUrls":50}
[2026-04-20 12:28:52] info: Crawl complete {"urlsVisited":18,"formsFound":1}
[2026-04-20 12:28:52] info: Crawl complete {"urlCount":18,"formCount":1}
[2026-04-20 12:28:52] info: Phase 2: Scanning for vulnerabilities...
[2026-04-20 12:28:52] info: Executing 2 scan tasks (concurrency: 5)
[2026-04-20 12:28:52] warn: XSS FOUND in form at https://www.rk-properties.com/ {"fields":"name, email, message","payload":"<script>alert('XSS')</script>"}
[2026-04-20 12:28:53] info: Scan complete {"totalFindings":1,"riskLevel":"medium","durationMs":50500}
[2026-04-20 12:29:26] info: POST /api/scan {"ip":"::1"}
[2026-04-20 12:29:26] info: Scan request received {"targetUrl":"https://testphp.vulnweb.com","ip":"::1"}
[2026-04-20 12:29:26] info: Scan started {"targetUrl":"https://testphp.vulnweb.com"}
[2026-04-20 12:29:26] info: Phase 1: Crawling target...
[2026-04-20 12:29:26] info: Starting crawl from https://testphp.vulnweb.com {"maxDepth":2,"maxUrls":50}
[2026-04-20 12:29:36] warn: Static fetch failed for https://testphp.vulnweb.com/: Request timed out
[2026-04-20 12:29:47] error: Puppeteer failed for https://testphp.vulnweb.com/ {"error":"Navigation timeout of 10000 ms exceeded"}
[2026-04-20 12:29:47] info: Crawl complete {"urlsVisited":1,"formsFound":0}
[2026-04-20 12:29:47] info: Crawl complete {"urlCount":1,"formCount":0}
[2026-04-20 12:29:47] info: Phase 2: Scanning for vulnerabilities...
[2026-04-20 12:29:47] info: Executing 0 scan tasks (concurrency: 5)
[2026-04-20 12:29:47] info: Scan complete {"totalFindings":0,"riskLevel":"low","durationMs":21157}
[2026-04-20 12:29:58] info: POST /api/scan {"ip":"::1"}
[2026-04-20 12:29:58] info: Scan request received {"targetUrl":"https://testphp.vulnweb.com","ip":"::1"}
[2026-04-20 12:29:58] info: Scan started {"targetUrl":"https://testphp.vulnweb.com"}
[2026-04-20 12:29:58] info: Phase 1: Crawling target...
[2026-04-20 12:29:58] info: Starting crawl from https://testphp.vulnweb.com {"maxDepth":2,"maxUrls":50}
[2026-04-20 12:30:09] warn: Static fetch failed for https://testphp.vulnweb.com/: Request timed out
[2026-04-20 12:30:20] error: Puppeteer failed for https://testphp.vulnweb.com/ {"error":"Navigation timeout of 10000 ms exceeded"}
[2026-04-20 12:30:20] info: Crawl complete {"urlsVisited":1,"formsFound":0}
[2026-04-20 12:30:20] info: Crawl complete {"urlCount":1,"formCount":0}
[2026-04-20 12:30:20] info: Phase 2: Scanning for vulnerabilities...
[2026-04-20 12:30:20] info: Executing 0 scan tasks (concurrency: 5)
[2026-04-20 12:30:20] info: Scan complete {"totalFindings":0,"riskLevel":"low","durationMs":21897}
[2026-04-20 12:31:07] info: POST /api/scan {"ip":"::1"}
[2026-04-20 12:31:07] info: Scan request received {"targetUrl":"https://demo.testfire.net","ip":"::1"}
[2026-04-20 12:31:07] info: Scan started {"targetUrl":"https://demo.testfire.net"}
[2026-04-20 12:31:07] info: Phase 1: Crawling target...
[2026-04-20 12:31:07] info: Starting crawl from https://demo.testfire.net {"maxDepth":2,"maxUrls":50}
[2026-04-20 12:31:11] info: Crawl complete {"urlsVisited":10,"formsFound":12}
[2026-04-20 12:31:11] info: Crawl complete {"urlCount":10,"formCount":12}
[2026-04-20 12:31:11] info: Phase 2: Scanning for vulnerabilities...
[2026-04-20 12:31:11] info: Executing 24 scan tasks (concurrency: 5)
[2026-04-20 12:31:12] warn: XSS FOUND in form at https://demo.testfire.net/search.jsp {"fields":"query","payload":"<script>alert('XSS')</script>"}
[2026-04-20 12:31:12] warn: XSS FOUND in form at https://demo.testfire.net/search.jsp {"fields":"query","payload":"<script>alert('XSS')</script>"}
[2026-04-20 12:31:12] warn: XSS FOUND in form at https://demo.testfire.net/search.jsp {"fields":"query","payload":"<script>alert('XSS')</script>"}
[2026-04-20 12:31:13] warn: XSS FOUND in form at https://demo.testfire.net/doLogin {"fields":"uid, passw","payload":"<script>alert('XSS')</script>"}
[2026-04-20 12:31:14] warn: XSS FOUND in form at https://demo.testfire.net/search.jsp {"fields":"query","payload":"<script>alert('XSS')</script>"}
[2026-04-20 12:31:15] warn: XSS FOUND in form at https://demo.testfire.net/sendFeedback {"fields":"name, email_addr, comments","payload":"<script>alert('XSS')</script>"}
[2026-04-20 12:31:16] warn: XSS FOUND in form at https://demo.testfire.net/search.jsp {"fields":"query","payload":"<script>alert('XSS')</script>"}
[2026-04-20 12:31:17] warn: XSS FOUND in form at https://demo.testfire.net/search.jsp {"fields":"query","payload":"<script>alert('XSS')</script>"}
[2026-04-20 12:31:19] warn: XSS FOUND in form at https://demo.testfire.net/search.jsp {"fields":"query","payload":"<script>alert('XSS')</script>"}
[2026-04-20 12:31:21] warn: XSS FOUND in form at https://demo.testfire.net/search.jsp {"fields":"query","payload":"<script>alert('XSS')</script>"}
[2026-04-20 12:31:23] warn: XSS FOUND in form at https://demo.testfire.net/search.jsp {"fields":"query","payload":"<script>alert('XSS')</script>"}
[2026-04-20 12:31:31] info: Scan complete {"totalFindings":3,"riskLevel":"high","durationMs":23591}
[2026-04-20 12:37:36] info: POST /api/scan {"ip":"::1"}
[2026-04-20 12:37:36] info: Scan request received {"targetUrl":"https://demo.testfire.net","ip":"::1"}
[2026-04-20 12:37:36] info: Scan started {"targetUrl":"https://demo.testfire.net"}
[2026-04-20 12:37:36] info: Phase 1: Crawling target...
[2026-04-20 12:37:36] info: Starting crawl from https://demo.testfire.net {"maxDepth":2,"maxUrls":50}
[2026-04-20 12:37:40] info: Crawl complete {"urlsVisited":10,"formsFound":12}
[2026-04-20 12:37:40] info: Crawl complete {"urlCount":10,"formCount":12}
[2026-04-20 12:37:40] info: Phase 2: Scanning for vulnerabilities...
[2026-04-20 12:37:40] info: Executing 24 scan tasks (concurrency: 5)
[2026-04-20 12:37:41] warn: XSS FOUND in form at https://demo.testfire.net/search.jsp {"fields":"query","payload":"<script>alert('XSS')</script>"}
[2026-04-20 12:37:41] warn: XSS FOUND in form at https://demo.testfire.net/search.jsp {"fields":"query","payload":"<script>alert('XSS')</script>"}
[2026-04-20 12:37:42] warn: XSS FOUND in form at https://demo.testfire.net/doLogin {"fields":"uid, passw","payload":"<script>alert('XSS')</script>"}
[2026-04-20 12:37:44] warn: XSS FOUND in form at https://demo.testfire.net/search.jsp {"fields":"query","payload":"<script>alert('XSS')</script>"}
[2026-04-20 12:37:44] warn: XSS FOUND in form at https://demo.testfire.net/sendFeedback {"fields":"name, email_addr, comments","payload":"<script>alert('XSS')</script>"}
[2026-04-20 12:37:44] warn: XSS FOUND in form at https://demo.testfire.net/search.jsp {"fields":"query","payload":"<script>alert('XSS')</script>"}
[2026-04-20 12:37:45] warn: XSS FOUND in form at https://demo.testfire.net/search.jsp {"fields":"query","payload":"<script>alert('XSS')</script>"}
[2026-04-20 12:37:45] warn: XSS FOUND in form at https://demo.testfire.net/search.jsp {"fields":"query","payload":"<script>alert('XSS')</script>"}
[2026-04-20 12:37:48] warn: XSS FOUND in form at https://demo.testfire.net/search.jsp {"fields":"query","payload":"<script>alert('XSS')</script>"}
[2026-04-20 12:37:49] warn: XSS FOUND in form at https://demo.testfire.net/search.jsp {"fields":"query","payload":"<script>alert('XSS')</script>"}
[2026-04-20 12:37:52] warn: XSS FOUND in form at https://demo.testfire.net/search.jsp {"fields":"query","payload":"<script>alert('XSS')</script>"}
[2026-04-20 12:38:01] info: Scan complete {"totalFindings":3,"riskLevel":"high","durationMs":24345}
[2026-04-20 12:41:54] info: POST /api/scan {"ip":"::1"}
[2026-04-20 12:41:54] info: Scan request received {"targetUrl":"https://demo.testfire.net","ip":"::1"}
[2026-04-20 12:41:54] info: Scan started {"targetUrl":"https://demo.testfire.net"}
[2026-04-20 12:41:54] info: Phase 1: Crawling target...
[2026-04-20 12:41:54] info: Starting crawl from https://demo.testfire.net {"maxDepth":2,"maxUrls":50}
[2026-04-20 12:41:58] info: Crawl complete {"urlsVisited":10,"formsFound":12}
[2026-04-20 12:41:58] info: Crawl complete {"urlCount":10,"formCount":12}
[2026-04-20 12:41:58] info: Phase 2: Scanning for vulnerabilities...
[2026-04-20 12:41:58] info: Executing 24 scan tasks (concurrency: 5)
[2026-04-20 12:41:59] warn: XSS FOUND in form at https://demo.testfire.net/search.jsp {"fields":"query","payload":"<script>alert('XSS')</script>"}
[2026-04-20 12:41:59] warn: XSS FOUND in form at https://demo.testfire.net/search.jsp {"fields":"query","payload":"<script>alert('XSS')</script>"}
[2026-04-20 12:42:00] warn: XSS FOUND in form at https://demo.testfire.net/doLogin {"fields":"uid, passw","payload":"<script>alert('XSS')</script>"}
[2026-04-20 12:42:02] warn: XSS FOUND in form at https://demo.testfire.net/search.jsp {"fields":"query","payload":"<script>alert('XSS')</script>"}
[2026-04-20 12:42:02] warn: XSS FOUND in form at https://demo.testfire.net/sendFeedback {"fields":"name, email_addr, comments","payload":"<script>alert('XSS')</script>"}
[2026-04-20 12:42:03] warn: XSS FOUND in form at https://demo.testfire.net/search.jsp {"fields":"query","payload":"<script>alert('XSS')</script>"}
[2026-04-20 12:42:03] warn: XSS FOUND in form at https://demo.testfire.net/search.jsp {"fields":"query","payload":"<script>alert('XSS')</script>"}
[2026-04-20 12:42:03] warn: XSS FOUND in form at https://demo.testfire.net/search.jsp {"fields":"query","payload":"<script>alert('XSS')</script>"}
[2026-04-20 12:42:06] warn: XSS FOUND in form at https://demo.testfire.net/search.jsp {"fields":"query","payload":"<script>alert('XSS')</script>"}
[2026-04-20 12:42:07] warn: XSS FOUND in form at https://demo.testfire.net/search.jsp {"fields":"query","payload":"<script>alert('XSS')</script>"}
[2026-04-20 12:42:10] warn: XSS FOUND in form at https://demo.testfire.net/search.jsp {"fields":"query","payload":"<script>alert('XSS')</script>"}
[2026-04-20 12:42:18] info: Scan complete {"totalFindings":3,"riskLevel":"high","durationMs":23289}
[2026-04-20 12:51:45] info: POST /api/scan {"ip":"::1"}
[2026-04-20 12:51:47] info: POST /api/scan {"ip":"::1"}
[2026-04-20 12:51:47] info: POST /api/scan {"ip":"::1"}
[2026-04-20 12:51:48] info: POST /api/scan {"ip":"::1"}
[2026-04-20 12:51:48] info: POST /api/scan {"ip":"::1"}
[2026-04-20 12:51:49] info: POST /api/scan {"ip":"::1"}
[2026-04-20 12:51:49] info: POST /api/scan {"ip":"::1"}
[2026-04-20 12:51:49] info: POST /api/scan {"ip":"::1"}
[2026-04-20 12:52:07] info: POST /api/scan {"ip":"::1"}
[2026-04-20 12:52:08] info: POST /api/scan {"ip":"::1"}
[2026-04-20 12:52:08] info: POST /api/scan {"ip":"::1"}
[2026-04-20 12:52:08] info: POST /api/scan {"ip":"::1"}
[2026-04-20 12:52:08] info: POST /api/scan {"ip":"::1"}
[2026-04-20 12:52:09] info: POST /api/scan {"ip":"::1"}
[2026-04-20 12:52:09] info: POST /api/scan {"ip":"::1"}
[2026-04-20 12:52:10] info: POST /api/scan {"ip":"::1"}
[2026-04-20 12:52:10] info: POST /api/scan {"ip":"::1"}
[2026-04-20 12:52:11] info: POST /api/scan {"ip":"::1"}
[2026-04-20 12:52:11] info: POST /api/scan {"ip":"::1"}
[2026-04-20 12:52:12] info: POST /api/scan {"ip":"::1"}
[2026-04-20 12:52:12] info: POST /api/scan {"ip":"::1"}
[2026-04-20 12:52:13] info: POST /api/scan {"ip":"::1"}
[2026-04-20 12:52:13] info: POST /api/scan {"ip":"::1"}
[2026-04-20 12:52:13] info: POST /api/scan {"ip":"::1"}
[2026-04-20 12:52:22] info: POST /api/scan {"ip":"::1"}
[2026-04-20 12:53:02] info: POST /api/scan {"ip":"::1"}
[2026-04-20 12:53:02] info: Scan request received {"targetUrl":"https://www.rk-properties.com","ip":"::1"}
[2026-04-20 12:53:02] info: Scan started {"targetUrl":"https://www.rk-properties.com"}
[2026-04-20 12:53:02] info: Phase 1: Crawling target...
[2026-04-20 12:53:02] info: Starting crawl from https://www.rk-properties.com {"maxDepth":2,"maxUrls":50}
[2026-04-20 12:53:40] info: Crawl complete {"urlsVisited":18,"formsFound":1}
[2026-04-20 12:53:40] info: Crawl complete {"urlCount":18,"formCount":1}
[2026-04-20 12:53:40] info: Phase 2: Scanning for vulnerabilities...
[2026-04-20 12:53:40] info: Executing 2 scan tasks (concurrency: 5)
[2026-04-20 12:53:40] warn: XSS FOUND in form at https://www.rk-properties.com/ {"fields":"name, email, message","payload":"<script>alert('XSS')</script>"}
[2026-04-20 12:53:41] info: Scan complete {"totalFindings":1,"riskLevel":"medium","durationMs":39032}
[2026-04-20 12:56:00] info: POST /api/scan {"ip":"::1"}
[2026-04-20 12:56:00] info: Scan request received {"targetUrl":"https://www.rk-properties.com","ip":"::1"}
[2026-04-20 12:56:00] info: Scan started {"targetUrl":"https://www.rk-properties.com"}
[2026-04-20 12:56:00] info: Phase 1: Crawling target...
[2026-04-20 12:56:00] info: Starting crawl from https://www.rk-properties.com {"maxDepth":2,"maxUrls":50}
[2026-04-20 12:56:48] info: Crawl complete {"urlsVisited":18,"formsFound":1}
[2026-04-20 12:56:48] info: Crawl complete {"urlCount":18,"formCount":1}
[2026-04-20 12:56:48] info: Phase 2: Scanning for vulnerabilities...
[2026-04-20 12:56:48] info: Executing 2 scan tasks (concurrency: 5)
[2026-04-20 12:56:48] warn: XSS FOUND in form at https://www.rk-properties.com/ {"fields":"name, email, message","payload":"<script>alert('XSS')</script>"}
[2026-04-20 12:56:49] info: Scan complete {"totalFindings":1,"riskLevel":"medium","durationMs":48195}
[2026-04-20 12:56:55] info: POST /api/scan {"ip":"::1"}
[2026-04-20 12:56:55] info: Scan request received {"targetUrl":"https://www.rk-properties.com","ip":"::1"}
[2026-04-20 12:56:55] info: Scan started {"targetUrl":"https://www.rk-properties.com"}
[2026-04-20 12:56:55] info: Phase 1: Crawling target...
[2026-04-20 12:56:55] info: Starting crawl from https://www.rk-properties.com {"maxDepth":2,"maxUrls":50}
[2026-04-20 12:57:37] info: Crawl complete {"urlsVisited":18,"formsFound":1}
[2026-04-20 12:57:37] info: Crawl complete {"urlCount":18,"formCount":1}
[2026-04-20 12:57:37] info: Phase 2: Scanning for vulnerabilities...
[2026-04-20 12:57:37] info: Executing 2 scan tasks (concurrency: 5)
[2026-04-20 12:57:37] warn: XSS FOUND in form at https://www.rk-properties.com/ {"fields":"name, email, message","payload":"<script>alert('XSS')</script>"}
[2026-04-20 12:57:38] info: Scan complete {"totalFindings":1,"riskLevel":"medium","durationMs":43496}
[2026-04-20 12:57:54] info: POST /api/scan {"ip":"::1"}
[2026-04-20 12:57:54] info: Scan request received {"targetUrl":"https://www.rk-properties.com","ip":"::1"}
[2026-04-20 12:57:54] info: Scan started {"targetUrl":"https://www.rk-properties.com"}
[2026-04-20 12:57:54] info: Phase 1: Crawling target...
[2026-04-20 12:57:54] info: Starting crawl from https://www.rk-properties.com {"maxDepth":2,"maxUrls":50}
[2026-04-20 12:58:38] info: Crawl complete {"urlsVisited":18,"formsFound":1}
[2026-04-20 12:58:38] info: Crawl complete {"urlCount":18,"formCount":1}
[2026-04-20 12:58:38] info: Phase 2: Scanning for vulnerabilities...
[2026-04-20 12:58:38] info: Executing 2 scan tasks (concurrency: 5)
[2026-04-20 12:58:38] warn: XSS FOUND in form at https://www.rk-properties.com/ {"fields":"name, email, message","payload":"<script>alert('XSS')</script>"}
[2026-04-20 12:58:39] info: Scan complete {"totalFindings":1,"riskLevel":"medium","durationMs":44920}
[2026-04-20 12:58:49] info: POST /api/scan {"ip":"::1"}
[2026-04-20 12:58:50] info: POST /api/scan {"ip":"::1"}
[2026-04-20 12:58:51] info: POST /api/scan {"ip":"::1"}
[2026-04-20 12:59:02] info: POST /api/scan {"ip":"::1"}
[2026-04-20 12:59:02] info: POST /api/scan {"ip":"::1"}
[2026-04-20 12:59:21] info: POST /api/scan {"ip":"::1"}
[2026-04-20 12:59:47] info: POST /api/scan {"ip":"::1"}
[2026-04-20 12:59:48] info: POST /api/scan {"ip":"::1"}
[2026-04-20 12:59:48] info: POST /api/scan {"ip":"::1"}
[2026-04-20 12:59:48] info: POST /api/scan {"ip":"::1"}
[2026-04-20 12:59:53] info: POST /api/scan {"ip":"::1"}
[2026-04-20 12:59:53] info: Scan request received {"targetUrl":"https://juice-shop.herokuapp.com","ip":"::1"}
[2026-04-20 12:59:54] info: Scan started {"targetUrl":"https://juice-shop.herokuapp.com"}
[2026-04-20 12:59:54] info: Phase 1: Crawling target...
[2026-04-20 12:59:54] info: Starting crawl from https://juice-shop.herokuapp.com {"maxDepth":2,"maxUrls":50}
[2026-04-20 13:00:02] info: Crawl complete {"urlsVisited":2,"formsFound":0}
[2026-04-20 13:00:02] info: Crawl complete {"urlCount":2,"formCount":0}
[2026-04-20 13:00:02] info: Phase 2: Scanning for vulnerabilities...
[2026-04-20 13:00:02] info: Executing 0 scan tasks (concurrency: 5)
[2026-04-20 13:00:02] info: Scan complete {"totalFindings":0,"riskLevel":"low","durationMs":8052}
[2026-04-20 13:00:14] info: POST /api/scan {"ip":"::1"}
[2026-04-20 13:00:14] info: Scan request received {"targetUrl":"https://demo.testfire.net","ip":"::1"}
[2026-04-20 13:00:14] info: Scan started {"targetUrl":"https://demo.testfire.net"}
[2026-04-20 13:00:14] info: Phase 1: Crawling target...
[2026-04-20 13:00:14] info: Starting crawl from https://demo.testfire.net {"maxDepth":2,"maxUrls":50}
[2026-04-20 13:00:17] info: Crawl complete {"urlsVisited":10,"formsFound":12}
[2026-04-20 13:00:17] info: Crawl complete {"urlCount":10,"formCount":12}
[2026-04-20 13:00:17] info: Phase 2: Scanning for vulnerabilities...
[2026-04-20 13:00:17] info: Executing 24 scan tasks (concurrency: 5)
[2026-04-20 13:00:18] warn: XSS FOUND in form at https://demo.testfire.net/search.jsp {"fields":"query","payload":"<script>alert('XSS')</script>"}
[2026-04-20 13:00:18] warn: XSS FOUND in form at https://demo.testfire.net/search.jsp {"fields":"query","payload":"<script>alert('XSS')</script>"}
[2026-04-20 13:00:23] warn: XSS FOUND in form at https://demo.testfire.net/doLogin {"fields":"uid, passw","payload":"<script>alert('XSS')</script>"}
[2026-04-20 13:00:23] warn: XSS FOUND in form at https://demo.testfire.net/search.jsp {"fields":"query","payload":"<script>alert('XSS')</script>"}
[2026-04-20 13:00:25] warn: XSS FOUND in form at https://demo.testfire.net/sendFeedback {"fields":"name, email_addr, comments","payload":"<script>alert('XSS')</script>"}
[2026-04-20 13:00:28] warn: XSS FOUND in form at https://demo.testfire.net/search.jsp {"fields":"query","payload":"\"><script>alert('XSS')</script>"}
[2026-04-20 13:00:29] warn: XSS FOUND in form at https://demo.testfire.net/search.jsp {"fields":"query","payload":"<script>alert('XSS')</script>"}
[2026-04-20 13:00:29] warn: XSS FOUND in form at https://demo.testfire.net/search.jsp {"fields":"query","payload":"<script>alert('XSS')</script>"}
[2026-04-20 13:00:32] warn: XSS FOUND in form at https://demo.testfire.net/search.jsp {"fields":"query","payload":"<script>alert('XSS')</script>"}
[2026-04-20 13:00:36] warn: XSS FOUND in form at https://demo.testfire.net/search.jsp {"fields":"query","payload":"<script>alert('XSS')</script>"}
[2026-04-20 13:00:39] warn: XSS FOUND in form at https://demo.testfire.net/search.jsp {"fields":"query","payload":"<script>alert('XSS')</script>"}
[2026-04-20 13:01:29] info: Scan complete {"totalFindings":3,"riskLevel":"high","durationMs":75415}
[2026-04-20 13:12:28] info: POST /api/scan {"ip":"::1"}
[2026-04-20 13:12:28] info: Scan request received {"targetUrl":"https://testphp.vulnweb.com","ip":"::1"}
[2026-04-20 13:12:28] info: Scan started {"targetUrl":"https://testphp.vulnweb.com"}
[2026-04-20 13:12:28] info: Phase 1: Crawling target...
[2026-04-20 13:12:28] info: Starting crawl from https://testphp.vulnweb.com {"maxDepth":2,"maxUrls":50}
[2026-04-20 13:12:38] warn: Static fetch failed for https://testphp.vulnweb.com/: Request timed out
[2026-04-20 13:12:51] error: Puppeteer failed for https://testphp.vulnweb.com/ {"error":"Navigation timeout of 10000 ms exceeded"}
[2026-04-20 13:12:51] info: Crawl complete {"urlsVisited":1,"formsFound":0}
[2026-04-20 13:12:51] info: Crawl complete {"urlCount":1,"formCount":0}
[2026-04-20 13:12:51] info: Phase 2: Scanning for vulnerabilities...
[2026-04-20 13:12:51] info: Executing 0 scan tasks (concurrency: 5)
[2026-04-20 13:12:51] info: Scan complete {"totalFindings":0,"riskLevel":"low","durationMs":22736}
[2026-04-20 13:16:08] info: POST /api/scan {"ip":"::1"}
[2026-04-20 13:16:08] info: Scan request received {"targetUrl":"https://testphp.vulnweb.com","ip":"::1"}
[2026-04-20 13:16:08] info: Scan started {"targetUrl":"https://testphp.vulnweb.com"}
[2026-04-20 13:16:08] info: Phase 1: Crawling target...
[2026-04-20 13:16:08] info: Starting crawl from https://testphp.vulnweb.com {"maxDepth":2,"maxUrls":50}
[2026-04-20 13:16:18] warn: Static fetch failed for https://testphp.vulnweb.com/: Request timed out
[2026-04-20 13:16:29] error: Puppeteer failed for https://testphp.vulnweb.com/ {"error":"Navigation timeout of 10000 ms exceeded"}
[2026-04-20 13:16:30] info: Crawl complete {"urlsVisited":1,"formsFound":0}
[2026-04-20 13:16:30] info: Crawl complete {"urlCount":1,"formCount":0}
[2026-04-20 13:16:30] info: Phase 2: Scanning for vulnerabilities...
[2026-04-20 13:16:30] info: Executing 0 scan tasks (concurrency: 5)
[2026-04-20 13:16:30] info: Scan complete {"totalFindings":0,"riskLevel":"low","durationMs":21513}
[2026-04-20 13:17:44] info: POST /api/scan {"ip":"::1"}
[2026-04-20 13:17:45] info: POST /api/scan {"ip":"::1"}
[2026-04-20 13:17:45] info: POST /api/scan {"ip":"::1"}
[2026-04-20 13:17:47] info: POST /api/scan {"ip":"::1"}
[2026-04-20 13:18:41] info: POST /api/scan {"ip":"::1"}
[2026-04-20 13:18:41] info: Scan request received {"targetUrl":"https://testphp.vulnweb.com","ip":"::1"}
[2026-04-20 13:18:41] info: Scan started {"targetUrl":"https://testphp.vulnweb.com"}
[2026-04-20 13:18:41] info: Phase 1: Crawling target...
[2026-04-20 13:18:41] info: Starting crawl from https://testphp.vulnweb.com {"maxDepth":2,"maxUrls":50}
[2026-04-20 13:18:51] warn: Static fetch failed for https://testphp.vulnweb.com/: Request timed out
[2026-04-20 13:19:02] error: Puppeteer failed for https://testphp.vulnweb.com/ {"error":"Navigation timeout of 10000 ms exceeded"}
[2026-04-20 13:19:02] info: Crawl complete {"urlsVisited":1,"formsFound":0}
[2026-04-20 13:19:02] info: Crawl complete {"urlCount":1,"formCount":0}
[2026-04-20 13:19:02] info: Phase 2: Scanning for vulnerabilities...
[2026-04-20 13:19:02] info: Executing 0 scan tasks (concurrency: 5)
[2026-04-20 13:19:02] info: Scan complete {"totalFindings":0,"riskLevel":"low","durationMs":21447}
[2026-04-20 13:19:51] info: POST /api/scan {"ip":"::1"}
[2026-04-20 13:19:51] info: Scan request received {"targetUrl":"https://testphp.vulnweb.com","ip":"::1"}
[2026-04-20 13:19:51] info: Scan started {"targetUrl":"https://testphp.vulnweb.com"}
[2026-04-20 13:19:51] info: Phase 1: Crawling target...
[2026-04-20 13:19:51] info: Starting crawl from https://testphp.vulnweb.com {"maxDepth":2,"maxUrls":50}
[2026-04-20 13:20:01] warn: Static fetch failed for https://testphp.vulnweb.com/: Request timed out
[2026-04-20 13:20:12] error: Puppeteer failed for https://testphp.vulnweb.com/ {"error":"Navigation timeout of 10000 ms exceeded"}
[2026-04-20 13:20:13] info: Crawl complete {"urlsVisited":1,"formsFound":0}
[2026-04-20 13:20:13] info: Crawl complete {"urlCount":1,"formCount":0}
[2026-04-20 13:20:13] info: Phase 2: Scanning for vulnerabilities...
[2026-04-20 13:20:13] info: Executing 0 scan tasks (concurrency: 5)
[2026-04-20 13:20:13] info: Scan complete {"totalFindings":0,"riskLevel":"low","durationMs":21516}
[2026-04-20 13:22:46] info: GET /api/scans {"ip":"::1"}
[2026-04-20 13:43:18] info: GET /api/scans {"ip":"::1"}
[2026-04-20 13:43:19] info: GET /api/scans {"ip":"::1"}
[2026-04-20 13:44:46] info: GET /api/scans {"ip":"::1"}
[2026-04-20 13:44:46] info: GET /api/scans {"ip":"::1"}
[2026-04-20 13:44:48] info: GET /api/scans {"ip":"::1"}
[2026-04-20 13:44:48] info: GET /api/scans {"ip":"::1"}
[2026-04-20 14:41:20] info: GET /api/scans {"ip":"::1"}
[2026-04-20 14:41:21] info: GET /api/scans {"ip":"::1"}
[2026-04-20 14:41:22] info: GET /api/scans {"ip":"::1"}
[2026-04-20 14:41:22] info: GET /api/scans {"ip":"::1"}
[2026-04-20 14:41:24] info: GET /api/scans {"ip":"::1"}
[2026-04-20 14:41:24] info: GET /api/scans {"ip":"::1"}
[2026-04-20 14:41:25] info: GET /api/scans {"ip":"::1"}
[2026-04-20 14:41:26] info: GET /api/scans {"ip":"::1"}
[2026-04-20 14:46:37] info: GET /api/scans {"ip":"::1"}
[2026-04-20 14:46:37] info: GET /api/scans {"ip":"::1"}
[2026-04-20 14:46:39] info: GET /api/scans {"ip":"::1"}
[2026-04-20 14:46:39] info: GET /api/scans {"ip":"::1"}
[2026-04-20 14:54:33] info: MongoDB connected {"uri":"mongodb+srv://j7479476_db_user:SlPOW1NGKz6X8IMI@cluster0.0mem1th.mongodb.net/?appName=Cluster0"}
[2026-04-20 14:54:33] info: Vulnerability Scanner API running on port 3000
[2026-04-20 14:54:33] info: POST http://localhost:3000/api/scan
[2026-04-20 14:56:05] info: POST /api/auth/register {"ip":"::1"}
[2026-04-20 14:56:59] info: POST /api/auth/login {"ip":"::1"}
[2026-04-20 14:57:32] info: POST /api/auth/login {"ip":"::1"}
[2026-04-20 14:59:14] info: GET /api/auth/profile {"ip":"::1"}
[2026-04-20 15:04:59] info: GET /api/scans {"ip":"::1"}
[2026-04-20 15:05:04] info: GET /api/scans {"ip":"::1"}
[2026-04-20 15:05:38] info: GET /api/scans {"ip":"::1"}
[2026-04-20 15:05:48] info: MongoDB connected {"uri":"mongodb+srv://j7479476_db_user:SlPOW1NGKz6X8IMI@cluster0.0mem1th.mongodb.net/?appName=Cluster0"}
[2026-04-20 15:05:48] info: Vulnerability Scanner API running on port 3000
[2026-04-20 15:05:48] info: POST http://localhost:3000/api/scan
[2026-04-20 15:05:51] info: GET /api/scans {"ip":"::1"}
[2026-04-20 15:06:01] info: GET /api/scans {"ip":"::1"}
[2026-04-20 15:06:11] info: GET /api/scans {"ip":"::1"}
[2026-04-20 15:06:11] info: GET /api/scans {"ip":"::1"}
[2026-04-20 15:08:40] info: POST /api/auth/login {"ip":"::1"}
[2026-04-20 15:08:41] info: POST /api/auth/login {"ip":"::1"}
[2026-04-20 15:08:43] info: POST /api/auth/login {"ip":"::1"}
[2026-04-20 15:08:43] info: POST /api/auth/login {"ip":"::1"}
[2026-04-20 15:08:43] info: POST /api/auth/login {"ip":"::1"}
[2026-04-20 15:08:45] info: POST /api/auth/login {"ip":"::1"}
[2026-04-20 15:08:53] info: POST /api/auth/login {"ip":"::1"}
[2026-04-20 15:09:25] info: POST /api/auth/login {"ip":"::1"}
[2026-04-20 15:09:51] info: GET /api/scans {"ip":"::1"}
[2026-04-20 15:09:51] info: GET /api/scans {"ip":"::1"}
[2026-04-20 15:10:01] info: GET /api/scans {"ip":"::1"}
[2026-04-20 15:10:01] info: GET /api/scans {"ip":"::1"}
[2026-04-20 15:11:02] info: POST /api/auth/login {"ip":"::1"}
[2026-04-20 15:11:03] info: POST /api/auth/login {"ip":"::1"}
[2026-04-20 15:11:04] info: POST /api/auth/login {"ip":"::1"}
[2026-04-20 15:11:23] info: POST /api/auth/login {"ip":"::1"}
[2026-04-20 15:11:29] info: GET /api/scans {"ip":"::1"}
[2026-04-20 15:11:29] info: GET /api/scans {"ip":"::1"}
[2026-04-20 15:11:30] info: GET /api/scans {"ip":"::1"}
[2026-04-20 15:11:30] info: GET /api/scans {"ip":"::1"}
[2026-04-20 16:29:11] info: GET /api {"ip":"::1"}
[2026-04-20 16:29:12] info: GET /favicon.ico {"ip":"::1"}
[2026-04-20 17:12:36] info: GET /api/scans {"ip":"::1"}
[2026-04-20 17:12:36] info: GET /api/scans {"ip":"::1"}
[2026-04-20 17:12:37] info: GET /api/scans {"ip":"::1"}
[2026-04-20 17:12:37] info: GET /api/scans {"ip":"::1"}
[2026-04-20 17:13:10] info: GET /api/scans {"ip":"::1"}
[2026-04-20 17:13:10] info: GET /api/scans {"ip":"::1"}
[2026-04-20 17:24:42] info: GET /api/scans {"ip":"::1"}
[2026-04-20 17:24:42] info: GET /api/scans {"ip":"::1"}
[2026-04-20 17:24:51] info: MongoDB connected {"uri":"mongodb+srv://j7479476_db_user:SlPOW1NGKz6X8IMI@cluster0.0mem1th.mongodb.net/?appName=Cluster0"}
[2026-04-20 17:24:51] info: Vulnerability Scanner API running on port 3000
[2026-04-20 17:24:51] info: POST http://localhost:3000/api/scan
[2026-04-20 17:24:56] info: GET /api/scans {"ip":"::1"}
[2026-04-20 17:24:56] info: GET /api/scans {"ip":"::1"}
[2026-04-20 17:25:01] info: GET /api/scans {"ip":"::1"}
[2026-04-20 17:25:01] info: GET /api/scans {"ip":"::1"}
[2026-04-20 17:30:15] info: GET /api/scans/69e5d8e4d05029a7158ac8c6 {"ip":"::1"}
[2026-04-20 17:30:28] info: GET /api/scans/69e5d8e4d05029a7158ac8c6 {"ip":"::1"}
[2026-04-20 17:32:16] info: GET /api/scans {"ip":"::1"}
